[2026-05-05 18:44:47,348: INFO: main: Welcome to our custom log]
[2026-05-05 18:44:58,568: INFO: main: Welcome to our custom log]
[2026-05-05 18:49:05,720: INFO: main: Welcome to our custom log]
[2026-05-12 14:55:50,030: INFO: main: >>>>>> stage Data Ingestion stage started <<<<<<]
[2026-05-12 14:55:50,030: INFO: common: yaml file: config\config.yaml loaded successfully]
[2026-05-12 14:55:50,030: INFO: common: yaml file: params.yaml loaded successfully]
[2026-05-12 14:55:50,035: INFO: common: created directory at: artifacts]
[2026-05-12 14:55:50,035: INFO: common: created directory at: artifacts//data_ingestion]
[2026-05-12 14:55:50,036: INFO: data_ingestion: Downloading file from https://drive.google.com/file/d/1XyUz-wDb0iL8Sz4vzUEgYCNfKXKtgJo9/view?usp=sharing into file artifacts//data_ingestion//data.zip]
[2026-05-12 14:56:02,612: INFO: data_ingestion: Downloaded data from https://drive.google.com/file/d/1XyUz-wDb0iL8Sz4vzUEgYCNfKXKtgJo9/view?usp=sharing into file (zip_download_dir)]
[2026-05-12 14:56:02,612: ERROR: main: [Errno 2] No such file or directory: 'artifacts//data_ingestion//data.zip']
Traceback (most recent call last):
  File "C:\Users\naman\DL_Projects\Kidney-Disease-Classification-Deep-Learning-Project\main.py", line 10, in <module>
    obj.main()
  File "C:\Users\naman\DL_Projects\Kidney-Disease-Classification-Deep-Learning-Project\src\KidneyDiseaseClassification\pipeline\stage_01_data_ingestion.py", line 16, in main
    data_ingestion.extract_zip_file()
  File "C:\Users\naman\DL_Projects\Kidney-Disease-Classification-Deep-Learning-Project\src\KidneyDiseaseClassification\components\data_ingestion.py", line 40, in extract_zip_file
    with zipfile.ZipFile(self.config.local_data_file, 'r') as zip_ref:
         ^^^^^^^^^^^^^^^^^^^^^^^^^^^^^^^^^^^^^^^^^^^^^^^^^
  File "C:\Users\naman\AppData\Local\Programs\Python\Python311\Lib\zipfile.py", line 1284, in __init__
    self.fp = io.open(file, filemode)
              ^^^^^^^^^^^^^^^^^^^^^^^
FileNotFoundError: [Errno 2] No such file or directory: 'artifacts//data_ingestion//data.zip'
[2026-05-12 15:01:22,033: INFO: main: >>>>>> stage Data Ingestion stage started <<<<<<]
[2026-05-12 15:01:22,033: INFO: common: yaml file: config\config.yaml loaded successfully]
[2026-05-12 15:01:22,033: INFO: common: yaml file: params.yaml loaded successfully]
[2026-05-12 15:01:22,033: INFO: common: created directory at: artifacts]
[2026-05-12 15:01:22,033: INFO: common: created directory at: artifacts//data_ingestion]
[2026-05-12 15:01:22,033: INFO: data_ingestion: Downloading file from https://drive.google.com/file/d/1XyUz-wDb0iL8Sz4vzUEgYCNfKXKtgJo9/view?usp=sharing into file artifacts//data_ingestion//data.zip]
[2026-05-12 15:01:33,843: INFO: data_ingestion: Downloaded data from https://drive.google.com/file/d/1XyUz-wDb0iL8Sz4vzUEgYCNfKXKtgJo9/view?usp=sharing into file (zip_download_dir)]
[2026-05-12 15:01:37,136: INFO: main: >>>>>> stage Data Ingestion stage completed <<<<<<

x==========x]
